
2019-02-22 10:15:34 Commons Daemon procrun stderr initialized
22-Feb-2019 10:15:40.109 INFORMACIÓN [main] org.apache.catalina.startup.VersionLoggerListener.log Server version name:   Apache Tomcat/9.0.16
22-Feb-2019 10:15:40.272 INFORMACIÓN [main] org.apache.catalina.startup.VersionLoggerListener.log Server built:          Feb 4 2019 16:30:29 UTC
22-Feb-2019 10:15:40.273 INFORMACIÓN [main] org.apache.catalina.startup.VersionLoggerListener.log Número de versión de servidor:         9.0.16.0
22-Feb-2019 10:15:40.274 INFORMACIÓN [main] org.apache.catalina.startup.VersionLoggerListener.log OS Name:               Windows 7
22-Feb-2019 10:15:40.274 INFORMACIÓN [main] org.apache.catalina.startup.VersionLoggerListener.log OS Version:            6.1
22-Feb-2019 10:15:40.274 INFORMACIÓN [main] org.apache.catalina.startup.VersionLoggerListener.log Architecture:          amd64
22-Feb-2019 10:15:40.274 INFORMACIÓN [main] org.apache.catalina.startup.VersionLoggerListener.log Java Home:             C:\Program Files\Java\jre1.8.0_201
22-Feb-2019 10:15:40.274 INFORMACIÓN [main] org.apache.catalina.startup.VersionLoggerListener.log JVM Version:           1.8.0_201-b09
22-Feb-2019 10:15:40.275 INFORMACIÓN [main] org.apache.catalina.startup.VersionLoggerListener.log JVM Vendor:            Oracle Corporation
22-Feb-2019 10:15:40.275 INFORMACIÓN [main] org.apache.catalina.startup.VersionLoggerListener.log CATALINA_BASE:         C:\Program Files\Apache Software Foundation\Tomcat 9.0
22-Feb-2019 10:15:40.275 INFORMACIÓN [main] org.apache.catalina.startup.VersionLoggerListener.log CATALINA_HOME:         C:\Program Files\Apache Software Foundation\Tomcat 9.0
22-Feb-2019 10:15:40.275 INFORMACIÓN [main] org.apache.catalina.startup.VersionLoggerListener.log Command line argument: -Dcatalina.home=C:\Program Files\Apache Software Foundation\Tomcat 9.0
22-Feb-2019 10:15:40.275 INFORMACIÓN [main] org.apache.catalina.startup.VersionLoggerListener.log Command line argument: -Dcatalina.base=C:\Program Files\Apache Software Foundation\Tomcat 9.0
22-Feb-2019 10:15:40.276 INFORMACIÓN [main] org.apache.catalina.startup.VersionLoggerListener.log Command line argument: -Djava.io.tmpdir=C:\Program Files\Apache Software Foundation\Tomcat 9.0\temp
22-Feb-2019 10:15:40.276 INFORMACIÓN [main] org.apache.catalina.startup.VersionLoggerListener.log Command line argument: -Djava.util.logging.manager=org.apache.juli.ClassLoaderLogManager
22-Feb-2019 10:15:40.276 INFORMACIÓN [main] org.apache.catalina.startup.VersionLoggerListener.log Command line argument: -Djava.util.logging.config.file=C:\Program Files\Apache Software Foundation\Tomcat 9.0\conf\logging.properties
22-Feb-2019 10:15:40.276 INFORMACIÓN [main] org.apache.catalina.startup.VersionLoggerListener.log Command line argument: exit
22-Feb-2019 10:15:40.276 INFORMACIÓN [main] org.apache.catalina.startup.VersionLoggerListener.log Command line argument: abort
22-Feb-2019 10:15:40.276 INFORMACIÓN [main] org.apache.catalina.startup.VersionLoggerListener.log Command line argument: -Xms128m
22-Feb-2019 10:15:40.276 INFORMACIÓN [main] org.apache.catalina.startup.VersionLoggerListener.log Command line argument: -Xmx256m
22-Feb-2019 10:15:40.277 INFORMACIÓN [main] org.apache.catalina.core.AprLifecycleListener.lifecycleEvent La biblioteca nativa de Apache Tomcat basada en ARP que permite un rendimiento óptimo en entornos de desarrollo no ha sido hallada en java.library.path: [C:\Program Files\Apache Software Foundation\Tomcat 9.0\bin;C:\Windows\Sun\Java\bin;C:\Windows\system32;C:\Windows;C:\Program Files (x86)\Common Files\Oracle\Java\javapath;C:\ProgramData\Oracle\Java\javapath;C:\Windows\system32;C:\Windows;C:\Windows\System32\Wbem;C:\Windows\System32\WindowsPowerShell\v1.0\;C:\Program Files (x86)\Intel\OpenCL SDK\2.0\bin\x86;C:\Program Files (x86)\Intel\OpenCL SDK\2.0\bin\x64;C:\Program Files\Git LFS;C:\Program Files\TortoiseGit\bin;C:\Program Files\Git\cmd;;.]
22-Feb-2019 10:15:41.494 INFORMACIÓN [main] org.apache.coyote.AbstractProtocol.init Inicializando el manejador de protocolo ["http-nio-8080"]

22-Feb-2019 10:15:41.856 INFORMACIÓN [main] org.apache.coyote.AbstractProtocol.init Inicializando el manejador de protocolo ["ajp-nio-8009"]

22-Feb-2019 10:15:41.892 INFORMACIÓN [main] org.apache.catalina.startup.Catalina.load Server initialization in [3.458] milliseconds
22-Feb-2019 10:15:42.058 INFORMACIÓN [main] org.apache.catalina.core.StandardService.startInternal Arrancando servicio [Catalina]
22-Feb-2019 10:15:42.058 INFORMACIÓN [main] org.apache.catalina.core.StandardEngine.startInternal Starting Servlet engine: [Apache Tomcat/9.0.16]
22-Feb-2019 10:15:42.119 INFORMACIÓN [main] org.apache.catalina.startup.HostConfig.deployDirectory Desplegando el directorio [C:\Program Files\Apache Software Foundation\Tomcat 9.0\webapps\docs] de la aplicación web
22-Feb-2019 10:15:42.735 INFORMACIÓN [main] org.apache.catalina.startup.HostConfig.deployDirectory Deployment of web application directory [C:\Program Files\Apache Software Foundation\Tomcat 9.0\webapps\docs] has finished in [617] ms
22-Feb-2019 10:15:42.735 INFORMACIÓN [main] org.apache.catalina.startup.HostConfig.deployDirectory Desplegando el directorio [C:\Program Files\Apache Software Foundation\Tomcat 9.0\webapps\manager] de la aplicación web
22-Feb-2019 10:15:42.773 INFORMACIÓN [main] org.apache.catalina.startup.HostConfig.deployDirectory Deployment of web application directory [C:\Program Files\Apache Software Foundation\Tomcat 9.0\webapps\manager] has finished in [38] ms
22-Feb-2019 10:15:42.773 INFORMACIÓN [main] org.apache.catalina.startup.HostConfig.deployDirectory Desplegando el directorio [C:\Program Files\Apache Software Foundation\Tomcat 9.0\webapps\ROOT] de la aplicación web
22-Feb-2019 10:15:42.808 INFORMACIÓN [main] org.apache.catalina.startup.HostConfig.deployDirectory Deployment of web application directory [C:\Program Files\Apache Software Foundation\Tomcat 9.0\webapps\ROOT] has finished in [35] ms
22-Feb-2019 10:15:42.811 INFORMACIÓN [main] org.apache.coyote.AbstractProtocol.start Starting ProtocolHandler ["http-nio-8080"]
22-Feb-2019 10:15:42.822 INFORMACIÓN [main] org.apache.coyote.AbstractProtocol.start Starting ProtocolHandler ["ajp-nio-8009"]
22-Feb-2019 10:15:42.826 INFORMACIÓN [main] org.apache.catalina.startup.Catalina.start Server startup in [934] milliseconds
22-Feb-2019 10:17:04.866 INFORMACIÓN [Thread-6] org.apache.coyote.AbstractProtocol.pause Pausing ProtocolHandler ["http-nio-8080"]
22-Feb-2019 10:17:05.000 INFORMACIÓN [Thread-6] org.apache.coyote.AbstractProtocol.pause Pausing ProtocolHandler ["ajp-nio-8009"]
22-Feb-2019 10:17:05.047 INFORMACIÓN [Thread-6] org.apache.catalina.core.StandardService.stopInternal Parando servicio [Catalina]
22-Feb-2019 10:17:05.193 INFORMACIÓN [Thread-6] org.apache.coyote.AbstractProtocol.stop Stopping ProtocolHandler ["http-nio-8080"]
22-Feb-2019 10:17:05.196 INFORMACIÓN [Thread-6] org.apache.coyote.AbstractProtocol.stop Stopping ProtocolHandler ["ajp-nio-8009"]
22-Feb-2019 10:17:05.215 INFORMACIÓN [Thread-6] org.apache.coyote.AbstractProtocol.destroy Destroying ProtocolHandler ["http-nio-8080"]
22-Feb-2019 10:17:05.220 INFORMACIÓN [Thread-6] org.apache.coyote.AbstractProtocol.destroy Destroying ProtocolHandler ["ajp-nio-8009"]

2019-02-22 10:17:57 Commons Daemon procrun stderr initialized
22-Feb-2019 10:17:58.268 INFORMACIÓN [main] org.apache.catalina.startup.VersionLoggerListener.log Server version name:   Apache Tomcat/9.0.16
22-Feb-2019 10:17:58.270 INFORMACIÓN [main] org.apache.catalina.startup.VersionLoggerListener.log Server built:          Feb 4 2019 16:30:29 UTC
22-Feb-2019 10:17:58.271 INFORMACIÓN [main] org.apache.catalina.startup.VersionLoggerListener.log Número de versión de servidor:         9.0.16.0
22-Feb-2019 10:17:58.271 INFORMACIÓN [main] org.apache.catalina.startup.VersionLoggerListener.log OS Name:               Windows 7
22-Feb-2019 10:17:58.272 INFORMACIÓN [main] org.apache.catalina.startup.VersionLoggerListener.log OS Version:            6.1
22-Feb-2019 10:17:58.272 INFORMACIÓN [main] org.apache.catalina.startup.VersionLoggerListener.log Architecture:          amd64
22-Feb-2019 10:17:58.272 INFORMACIÓN [main] org.apache.catalina.startup.VersionLoggerListener.log Java Home:             C:\Program Files\Java\jre1.8.0_201
22-Feb-2019 10:17:58.272 INFORMACIÓN [main] org.apache.catalina.startup.VersionLoggerListener.log JVM Version:           1.8.0_201-b09
22-Feb-2019 10:17:58.272 INFORMACIÓN [main] org.apache.catalina.startup.VersionLoggerListener.log JVM Vendor:            Oracle Corporation
22-Feb-2019 10:17:58.272 INFORMACIÓN [main] org.apache.catalina.startup.VersionLoggerListener.log CATALINA_BASE:         C:\Program Files\Apache Software Foundation\Tomcat 9.0
22-Feb-2019 10:17:58.272 INFORMACIÓN [main] org.apache.catalina.startup.VersionLoggerListener.log CATALINA_HOME:         C:\Program Files\Apache Software Foundation\Tomcat 9.0
22-Feb-2019 10:17:58.272 INFORMACIÓN [main] org.apache.catalina.startup.VersionLoggerListener.log Command line argument: -Dcatalina.home=C:\Program Files\Apache Software Foundation\Tomcat 9.0
22-Feb-2019 10:17:58.272 INFORMACIÓN [main] org.apache.catalina.startup.VersionLoggerListener.log Command line argument: -Dcatalina.base=C:\Program Files\Apache Software Foundation\Tomcat 9.0
22-Feb-2019 10:17:58.273 INFORMACIÓN [main] org.apache.catalina.startup.VersionLoggerListener.log Command line argument: -Djava.io.tmpdir=C:\Program Files\Apache Software Foundation\Tomcat 9.0\temp
22-Feb-2019 10:17:58.273 INFORMACIÓN [main] org.apache.catalina.startup.VersionLoggerListener.log Command line argument: -Djava.util.logging.manager=org.apache.juli.ClassLoaderLogManager
22-Feb-2019 10:17:58.273 INFORMACIÓN [main] org.apache.catalina.startup.VersionLoggerListener.log Command line argument: -Djava.util.logging.config.file=C:\Program Files\Apache Software Foundation\Tomcat 9.0\conf\logging.properties
22-Feb-2019 10:17:58.273 INFORMACIÓN [main] org.apache.catalina.startup.VersionLoggerListener.log Command line argument: exit
22-Feb-2019 10:17:58.273 INFORMACIÓN [main] org.apache.catalina.startup.VersionLoggerListener.log Command line argument: abort
22-Feb-2019 10:17:58.273 INFORMACIÓN [main] org.apache.catalina.startup.VersionLoggerListener.log Command line argument: -Xms128m
22-Feb-2019 10:17:58.273 INFORMACIÓN [main] org.apache.catalina.startup.VersionLoggerListener.log Command line argument: -Xmx256m
22-Feb-2019 10:17:58.273 INFORMACIÓN [main] org.apache.catalina.core.AprLifecycleListener.lifecycleEvent La biblioteca nativa de Apache Tomcat basada en ARP que permite un rendimiento óptimo en entornos de desarrollo no ha sido hallada en java.library.path: [C:\Program Files\Apache Software Foundation\Tomcat 9.0\bin;C:\Windows\Sun\Java\bin;C:\Windows\system32;C:\Windows;C:\Program Files (x86)\Common Files\Oracle\Java\javapath;C:\ProgramData\Oracle\Java\javapath;C:\Windows\system32;C:\Windows;C:\Windows\System32\Wbem;C:\Windows\System32\WindowsPowerShell\v1.0\;C:\Program Files (x86)\Intel\OpenCL SDK\2.0\bin\x86;C:\Program Files (x86)\Intel\OpenCL SDK\2.0\bin\x64;C:\Program Files\Git LFS;C:\Program Files\TortoiseGit\bin;C:\Program Files\Git\cmd;;.]
22-Feb-2019 10:17:58.376 INFORMACIÓN [main] org.apache.coyote.AbstractProtocol.init Inicializando el manejador de protocolo ["http-nio-8080"]

22-Feb-2019 10:17:58.444 INFORMACIÓN [main] org.apache.coyote.AbstractProtocol.init Inicializando el manejador de protocolo ["ajp-nio-8009"]

22-Feb-2019 10:17:58.450 INFORMACIÓN [main] org.apache.catalina.startup.Catalina.load Server initialization in [479] milliseconds
22-Feb-2019 10:17:58.473 INFORMACIÓN [main] org.apache.catalina.core.StandardService.startInternal Arrancando servicio [Catalina]
22-Feb-2019 10:17:58.473 INFORMACIÓN [main] org.apache.catalina.core.StandardEngine.startInternal Starting Servlet engine: [Apache Tomcat/9.0.16]
22-Feb-2019 10:17:58.488 INFORMACIÓN [main] org.apache.catalina.startup.HostConfig.deployDirectory Desplegando el directorio [C:\Program Files\Apache Software Foundation\Tomcat 9.0\webapps\docs] de la aplicación web
22-Feb-2019 10:17:58.726 INFORMACIÓN [main] org.apache.catalina.startup.HostConfig.deployDirectory Deployment of web application directory [C:\Program Files\Apache Software Foundation\Tomcat 9.0\webapps\docs] has finished in [238] ms
22-Feb-2019 10:17:58.726 INFORMACIÓN [main] org.apache.catalina.startup.HostConfig.deployDirectory Desplegando el directorio [C:\Program Files\Apache Software Foundation\Tomcat 9.0\webapps\manager] de la aplicación web
22-Feb-2019 10:17:58.756 INFORMACIÓN [main] org.apache.catalina.startup.HostConfig.deployDirectory Deployment of web application directory [C:\Program Files\Apache Software Foundation\Tomcat 9.0\webapps\manager] has finished in [30] ms
22-Feb-2019 10:17:58.756 INFORMACIÓN [main] org.apache.catalina.startup.HostConfig.deployDirectory Desplegando el directorio [C:\Program Files\Apache Software Foundation\Tomcat 9.0\webapps\ROOT] de la aplicación web
22-Feb-2019 10:17:58.774 INFORMACIÓN [main] org.apache.catalina.startup.HostConfig.deployDirectory Deployment of web application directory [C:\Program Files\Apache Software Foundation\Tomcat 9.0\webapps\ROOT] has finished in [18] ms
22-Feb-2019 10:17:58.777 INFORMACIÓN [main] org.apache.coyote.AbstractProtocol.start Starting ProtocolHandler ["http-nio-8080"]
22-Feb-2019 10:17:58.787 INFORMACIÓN [main] org.apache.coyote.AbstractProtocol.start Starting ProtocolHandler ["ajp-nio-8009"]
22-Feb-2019 10:17:58.792 INFORMACIÓN [main] org.apache.catalina.startup.Catalina.start Server startup in [342] milliseconds
22-Feb-2019 10:20:36.250 INFORMACIÓN [Thread-6] org.apache.coyote.AbstractProtocol.pause Pausing ProtocolHandler ["http-nio-8080"]
22-Feb-2019 10:20:36.312 INFORMACIÓN [Thread-6] org.apache.coyote.AbstractProtocol.pause Pausing ProtocolHandler ["ajp-nio-8009"]
22-Feb-2019 10:20:36.342 INFORMACIÓN [Thread-6] org.apache.catalina.core.StandardService.stopInternal Parando servicio [Catalina]
22-Feb-2019 10:20:36.357 INFORMACIÓN [Thread-6] org.apache.coyote.AbstractProtocol.stop Stopping ProtocolHandler ["http-nio-8080"]
22-Feb-2019 10:20:36.358 INFORMACIÓN [Thread-6] org.apache.coyote.AbstractProtocol.stop Stopping ProtocolHandler ["ajp-nio-8009"]
22-Feb-2019 10:20:36.360 INFORMACIÓN [Thread-6] org.apache.coyote.AbstractProtocol.destroy Destroying ProtocolHandler ["http-nio-8080"]
22-Feb-2019 10:20:36.363 INFORMACIÓN [Thread-6] org.apache.coyote.AbstractProtocol.destroy Destroying ProtocolHandler ["ajp-nio-8009"]
